<?xml version="1.0" encoding="UTF-8"?>
<coverage generated="1565854631399" clover="3.2.0">
  <project timestamp="1565854631399" name="All files">
    <metrics statements="6" coveredstatements="6" conditionals="0" coveredconditionals="0" methods="1" coveredmethods="1" elements="7" coveredelements="7" complexity="0" loc="6" ncloc="6" packages="1" files="1" classes="1">
      <file name="vue-simple-scrollbar.vue" path="/Users/jonathanbakebwa/Github/vue-simple-scrollbar/src/components/vue-simple-scrollbar.vue">
        <metrics statements="6" coveredstatements="6" conditionals="0" coveredconditionals="0" methods="1" coveredmethods="1"/>
        <line num="8" count="1" type="stmt"/>
        <line num="13" count="1" type="stmt"/>
        <line num="18" count="1" type="stmt"/>
        <line num="19" count="1" type="stmt"/>
        <line num="20" count="1" type="stmt"/>
        <line num="21" count="1" type="stmt"/>
      </file>
    </metrics>
  </project>
</coverage>
